0 verbose cli /opt/homebridge/bin/node /opt/homebridge/bin/npm
1 info using npm@8.19.2
2 info using node@v18.12.1
3 timing npm:load:whichnode Completed in 1ms
4 timing config:load:defaults Completed in 10ms
5 timing config:load:file:/opt/homebridge/lib/node_modules/npm/npmrc Completed in 4ms
6 timing config:load:builtin Completed in 4ms
7 timing config:load:cli Completed in 12ms
8 timing config:load:env Completed in 3ms
9 timing config:load:file:/var/lib/homebridge/.npmrc Completed in 8ms
10 timing config:load:project Completed in 44ms
11 timing config:load:file:/home/pi/.npmrc Completed in 0ms
12 timing config:load:user Completed in 2ms
13 timing config:load:file:/opt/homebridge/etc/npmrc Completed in 1ms
14 timing config:load:global Completed in 1ms
15 timing config:load:validate Completed in 4ms
16 timing config:load:credentials Completed in 5ms
17 timing config:load:setEnvs Completed in 5ms
18 timing config:load Completed in 95ms
19 timing npm:load:configload Completed in 95ms
20 timing npm:load:mkdirpcache Completed in 5ms
21 timing npm:load:mkdirplogs Completed in 2ms
22 verbose title npm install homebridge-meross@latest
23 verbose argv "install" "--save" "homebridge-meross@latest"
24 timing npm:load:setTitle Completed in 8ms
25 timing config:load:flatten Completed in 16ms
26 timing npm:load:display Completed in 26ms
27 verbose logfile logs-max:10 dir:/home/pi/.npm/_logs
28 verbose logfile /home/pi/.npm/_logs/2023-01-01T14_10_12_796Z-debug-0.log
29 timing npm:load:logFile Completed in 26ms
30 timing npm:load:timers Completed in 1ms
31 timing npm:load:configScope Completed in 0ms
32 timing npm:load Completed in 170ms
33 timing arborist:ctor Completed in 4ms
34 silly logfile done cleaning log files
35 timing arborist:ctor Completed in 1ms
36 verbose shrinkwrap failed to load node_modules/.package-lock.json out of date, updated: node_modules
37 verbose shrinkwrap failed to load node_modules/.package-lock.json out of date, updated: node_modules
38 timing idealTree:init Completed in 1249ms
39 timing idealTree Completed in 131635ms
40 timing command:install Completed in 131700ms
41 verbose type system
42 verbose stack FetchError: request to https://registry.npmjs.org/homebridge-meross failed, reason: getaddrinfo ENOTFOUND registry.npmjs.org
42 verbose stack     at ClientRequest.<anonymous> (/opt/homebridge/lib/node_modules/npm/node_modules/minipass-fetch/lib/index.js:130:14)
42 verbose stack     at ClientRequest.emit (node:events:513:28)
42 verbose stack     at TLSSocket.socketErrorListener (node:_http_client:494:9)
42 verbose stack     at TLSSocket.emit (node:events:525:35)
42 verbose stack     at emitErrorNT (node:internal/streams/destroy:151:8)
42 verbose stack     at emitErrorCloseNT (node:internal/streams/destroy:116:3)
42 verbose stack     at process.processTicksAndRejections (node:internal/process/task_queues:82:21)
43 verbose cwd /var/lib/homebridge
44 verbose Linux 5.15.76-v7+
45 verbose node v18.12.1
46 verbose npm  v8.19.2
47 error code ENOTFOUND
48 error syscall getaddrinfo
49 error errno ENOTFOUND
50 error network request to https://registry.npmjs.org/homebridge-meross failed, reason: getaddrinfo ENOTFOUND registry.npmjs.org
51 error network This is a problem related to network connectivity.
51 error network In most cases you are behind a proxy or have bad network settings.
51 error network
51 error network If you are behind a proxy, please make sure that the
51 error network 'proxy' config is set properly.  See: 'npm help config'
52 verbose exit 1
53 timing npm Completed in 132567ms
54 verbose unfinished npm timer reify 1672582213619
55 verbose unfinished npm timer reify:loadTrees 1672582213662
56 verbose unfinished npm timer idealTree:userRequests 1672582214917
57 verbose code 1
58 error A complete log of this run can be found in:
58 error     /home/pi/.npm/_logs/2023-01-01T14_10_12_796Z-debug-0.log
