0 verbose cli /opt/homebridge/bin/node /opt/homebridge/bin/npm
1 info using npm@8.19.2
2 info using node@v18.12.1
3 timing npm:load:whichnode Completed in 1ms
4 timing config:load:defaults Completed in 10ms
5 timing config:load:file:/opt/homebridge/lib/node_modules/npm/npmrc Completed in 4ms
6 timing config:load:builtin Completed in 5ms
7 timing config:load:cli Completed in 12ms
8 timing config:load:env Completed in 3ms
9 timing config:load:file:/var/lib/homebridge/.npmrc Completed in 7ms
10 timing config:load:project Completed in 43ms
11 timing config:load:file:/home/pi/.npmrc Completed in 1ms
12 timing config:load:user Completed in 2ms
13 timing config:load:file:/opt/homebridge/etc/npmrc Completed in 0ms
14 timing config:load:global Completed in 2ms
15 timing config:load:validate Completed in 3ms
16 timing config:load:credentials Completed in 4ms
17 timing config:load:setEnvs Completed in 5ms
18 timing config:load Completed in 95ms
19 timing npm:load:configload Completed in 96ms
20 timing npm:load:mkdirpcache Completed in 4ms
21 timing npm:load:mkdirplogs Completed in 1ms
22 verbose title npm install homebridge-meross@latest
23 verbose argv "install" "--save" "homebridge-meross@latest"
24 timing npm:load:setTitle Completed in 7ms
25 timing config:load:flatten Completed in 16ms
26 timing npm:load:display Completed in 27ms
27 verbose logfile logs-max:10 dir:/home/pi/.npm/_logs
28 verbose logfile /home/pi/.npm/_logs/2023-01-01T14_12_15_148Z-debug-0.log
29 timing npm:load:logFile Completed in 26ms
30 timing npm:load:timers Completed in 1ms
31 timing npm:load:configScope Completed in 0ms
32 timing npm:load Completed in 169ms
33 timing arborist:ctor Completed in 5ms
34 silly logfile done cleaning log files
35 timing arborist:ctor Completed in 1ms
36 verbose shrinkwrap failed to load node_modules/.package-lock.json out of date, updated: node_modules
37 verbose shrinkwrap failed to load node_modules/.package-lock.json out of date, updated: node_modules
38 timing idealTree:init Completed in 2165ms
39 http fetch GET 200 https://registry.npmjs.org/homebridge-meross 8512ms (cache miss)
40 timing idealTree:userRequests Completed in 8591ms
41 silly idealTree buildDeps
42 silly fetch manifest homebridge-meross@8.5.0
43 silly placeDep ROOT homebridge-meross@8.5.0 OK for:  want: 8.5.0
44 silly fetch manifest @homebridge/plugin-ui-utils@^0.0.19
45 silly fetch manifest axios@^1.2.1
46 silly fetch manifest mqtt@^4.3.7
47 silly fetch manifest node-persist@^3.1.0
48 silly fetch manifest p-queue@^7.3.0
49 silly fetch manifest p-timeout@^6.0.0
50 http fetch GET 200 https://registry.npmjs.org/@homebridge%2fplugin-ui-utils 4142ms (cache miss)
51 http fetch GET 200 https://registry.npmjs.org/p-timeout 4151ms (cache miss)
52 http fetch GET 200 https://registry.npmjs.org/node-persist 4179ms (cache miss)
53 http fetch GET 200 https://registry.npmjs.org/p-queue 4215ms (cache miss)
54 http fetch GET 200 https://registry.npmjs.org/axios 4257ms (cache miss)
55 http fetch GET 200 https://registry.npmjs.org/mqtt 4275ms (cache miss)
56 timing idealTree:#root Completed in 4342ms
57 silly placeDep node_modules/homebridge-meross @homebridge/plugin-ui-utils@0.0.19 OK for: homebridge-meross@8.5.0 want: ^0.0.19
58 silly placeDep node_modules/homebridge-meross axios@1.2.2 OK for: homebridge-meross@8.5.0 want: ^1.2.1
59 silly placeDep node_modules/homebridge-meross mqtt@4.3.7 OK for: homebridge-meross@8.5.0 want: ^4.3.7
60 silly placeDep node_modules/homebridge-meross node-persist@3.1.0 OK for: homebridge-meross@8.5.0 want: ^3.1.0
61 silly placeDep node_modules/homebridge-meross p-queue@7.3.0 OK for: homebridge-meross@8.5.0 want: ^7.3.0
62 silly placeDep node_modules/homebridge-meross p-timeout@6.0.0 OK for: homebridge-meross@8.5.0 want: ^6.0.0
63 silly fetch manifest follow-redirects@^1.15.0
64 silly fetch manifest form-data@^4.0.0
65 silly fetch manifest proxy-from-env@^1.1.0
66 silly fetch manifest commist@^1.0.0
67 silly fetch manifest concat-stream@^2.0.0
68 silly fetch manifest debug@^4.1.1
69 silly fetch manifest duplexify@^4.1.1
70 silly fetch manifest help-me@^3.0.0
71 silly fetch manifest inherits@^2.0.3
72 silly fetch manifest lru-cache@^6.0.0
73 silly fetch manifest minimist@^1.2.5
74 silly fetch manifest mqtt-packet@^6.8.0
75 silly fetch manifest number-allocator@^1.0.9
76 silly fetch manifest pump@^3.0.0
77 silly fetch manifest readable-stream@^3.6.0
78 silly fetch manifest reinterval@^1.1.0
79 silly fetch manifest rfdc@^1.3.0
80 silly fetch manifest split2@^3.1.0
81 silly fetch manifest ws@^7.5.5
82 silly fetch manifest xtend@^4.0.2
83 silly fetch manifest eventemitter3@^4.0.7
84 silly fetch manifest p-timeout@^5.0.2
85 http fetch GET 200 https://registry.npmjs.org/follow-redirects 446ms (cache miss)
86 http fetch GET 200 https://registry.npmjs.org/debug 434ms (cache miss)
87 http fetch GET 200 https://registry.npmjs.org/rfdc 425ms (cache miss)
88 http fetch GET 200 https://registry.npmjs.org/split2 529ms (cache miss)
89 http fetch GET 200 https://registry.npmjs.org/ws 721ms (cache miss)
90 http fetch GET 200 https://registry.npmjs.org/xtend 765ms (cache miss)
91 http fetch GET 200 https://registry.npmjs.org/eventemitter3 813ms (cache miss)
92 http fetch GET 200 https://registry.npmjs.org/commist 1013ms (cache miss)
93 http fetch GET 200 https://registry.npmjs.org/reinterval 1214ms (cache miss)
94 http fetch GET 200 https://registry.npmjs.org/proxy-from-env 36151ms (cache miss)
95 http fetch GET 200 https://registry.npmjs.org/concat-stream 37934ms (cache miss)
96 http fetch GET 200 https://registry.npmjs.org/form-data 75127ms (cache miss)
