0 verbose cli /opt/homebridge/bin/node /opt/homebridge/bin/npm
1 info using npm@8.19.2
2 info using node@v18.12.1
3 timing npm:load:whichnode Completed in 1ms
4 timing config:load:defaults Completed in 19ms
5 timing config:load:file:/opt/homebridge/lib/node_modules/npm/npmrc Completed in 6ms
6 timing config:load:builtin Completed in 8ms
7 timing config:load:cli Completed in 23ms
8 timing config:load:env Completed in 6ms
9 timing config:load:file:/var/lib/homebridge/node_modules/homebridge-meross/.npmrc Completed in 1ms
10 timing config:load:project Completed in 86ms
11 timing config:load:file:/home/pi/.npmrc Completed in 1ms
12 timing config:load:user Completed in 4ms
13 timing config:load:file:/opt/homebridge/etc/npmrc Completed in 0ms
14 timing config:load:global Completed in 2ms
15 timing config:load:validate Completed in 5ms
16 timing config:load:credentials Completed in 10ms
17 timing config:load:setEnvs Completed in 9ms
18 timing config:load Completed in 180ms
19 timing npm:load:configload Completed in 182ms
20 timing npm:load:mkdirpcache Completed in 8ms
21 timing npm:load:mkdirplogs Completed in 2ms
22 verbose title npm rebuild
23 verbose argv "rebuild" "--foreground-scripts"
24 timing npm:load:setTitle Completed in 11ms
25 timing config:load:flatten Completed in 31ms
26 timing npm:load:display Completed in 49ms
27 verbose logfile logs-max:10 dir:/home/pi/.npm/_logs
28 verbose logfile /home/pi/.npm/_logs/2023-01-01T14_20_29_627Z-debug-0.log
29 timing npm:load:logFile Completed in 52ms
30 timing npm:load:timers Completed in 1ms
31 timing npm:load:configScope Completed in 1ms
32 timing npm:load Completed in 314ms
33 timing arborist:ctor Completed in 4ms
34 silly logfile done cleaning log files
35 timing build:queue Completed in 16ms
36 timing build:link:node_modules/mqtt Completed in 5ms
37 timing build:link Completed in 7ms
38 timing build:deps Completed in 25ms
39 timing build Completed in 26ms
40 timing command:rebuild Completed in 501ms
41 verbose exit 0
42 timing npm Completed in 1588ms
43 info ok
